2018-12-18 11:02 +08:00: Error: ENOENT: no such file or directory, open 'G:\pn\web\svn\zhiku28\211-zhiku28\server.ejs'
2018-12-18 11:02 +08:00:     at Object.fs.openSync (fs.js:646:18)
2018-12-18 11:02 +08:00:     at Object.fs.readFileSync (fs.js:551:33)
2018-12-18 11:02 +08:00:     at Object.<anonymous> (G:\pn\web\svn\zhiku28\211-zhiku28\dist\express.server.js:899:15333)
2018-12-18 11:02 +08:00:     at Object.<anonymous> (G:\pn\web\svn\zhiku28\211-zhiku28\dist\express.server.js:899:16489)
2018-12-18 11:02 +08:00:     at n (G:\pn\web\svn\zhiku28\211-zhiku28\dist\express.server.js:1:186)
2018-12-18 11:02 +08:00:     at G:\pn\web\svn\zhiku28\211-zhiku28\dist\express.server.js:1:615
2018-12-18 11:02 +08:00:     at Object.<anonymous> (G:\pn\web\svn\zhiku28\211-zhiku28\dist\express.server.js:1:626)
2018-12-18 11:02 +08:00:     at Module._compile (module.js:652:30)
2018-12-18 11:02 +08:00:     at Object.Module._extensions..js (module.js:663:10)
2018-12-18 11:02 +08:00:     at Module.load (module.js:565:32)
2018-12-18 11:02 +08:00: Error: ENOENT: no such file or directory, open 'G:\pn\web\svn\zhiku28\211-zhiku28\server.ejs'
2018-12-18 11:02 +08:00:     at Object.fs.openSync (fs.js:646:18)
2018-12-18 11:02 +08:00:     at Object.fs.readFileSync (fs.js:551:33)
2018-12-18 11:02 +08:00:     at Object.<anonymous> (G:\pn\web\svn\zhiku28\211-zhiku28\dist\express.server.js:899:15333)
2018-12-18 11:02 +08:00:     at Object.<anonymous> (G:\pn\web\svn\zhiku28\211-zhiku28\dist\express.server.js:899:16489)
2018-12-18 11:02 +08:00:     at n (G:\pn\web\svn\zhiku28\211-zhiku28\dist\express.server.js:1:186)
2018-12-18 11:02 +08:00:     at G:\pn\web\svn\zhiku28\211-zhiku28\dist\express.server.js:1:615
2018-12-18 11:02 +08:00:     at Object.<anonymous> (G:\pn\web\svn\zhiku28\211-zhiku28\dist\express.server.js:1:626)
2018-12-18 11:02 +08:00:     at Module._compile (module.js:652:30)
2018-12-18 11:02 +08:00:     at Object.Module._extensions..js (module.js:663:10)
2018-12-18 11:02 +08:00:     at Module.load (module.js:565:32)
2018-12-18 11:02 +08:00: Error: ENOENT: no such file or directory, open 'G:\pn\web\svn\zhiku28\211-zhiku28\server.ejs'
2018-12-18 11:02 +08:00:     at Object.fs.openSync (fs.js:646:18)
2018-12-18 11:02 +08:00:     at Object.fs.readFileSync (fs.js:551:33)
2018-12-18 11:02 +08:00:     at Object.<anonymous> (G:\pn\web\svn\zhiku28\211-zhiku28\dist\express.server.js:899:15333)
2018-12-18 11:02 +08:00:     at Object.<anonymous> (G:\pn\web\svn\zhiku28\211-zhiku28\dist\express.server.js:899:16489)
2018-12-18 11:02 +08:00:     at n (G:\pn\web\svn\zhiku28\211-zhiku28\dist\express.server.js:1:186)
2018-12-18 11:02 +08:00:     at G:\pn\web\svn\zhiku28\211-zhiku28\dist\express.server.js:1:615
2018-12-18 11:02 +08:00:     at Object.<anonymous> (G:\pn\web\svn\zhiku28\211-zhiku28\dist\express.server.js:1:626)
2018-12-18 11:02 +08:00:     at Module._compile (module.js:652:30)
2018-12-18 11:02 +08:00:     at Object.Module._extensions..js (module.js:663:10)
2018-12-18 11:02 +08:00:     at Module.load (module.js:565:32)
2018-12-18 11:02 +08:00: Error: ENOENT: no such file or directory, open 'G:\pn\web\svn\zhiku28\211-zhiku28\server.ejs'
2018-12-18 11:02 +08:00:     at Object.fs.openSync (fs.js:646:18)
2018-12-18 11:02 +08:00:     at Object.fs.readFileSync (fs.js:551:33)
2018-12-18 11:02 +08:00:     at Object.<anonymous> (G:\pn\web\svn\zhiku28\211-zhiku28\dist\express.server.js:899:15333)
2018-12-18 11:02 +08:00:     at Object.<anonymous> (G:\pn\web\svn\zhiku28\211-zhiku28\dist\express.server.js:899:16489)
2018-12-18 11:02 +08:00:     at n (G:\pn\web\svn\zhiku28\211-zhiku28\dist\express.server.js:1:186)
2018-12-18 11:02 +08:00:     at G:\pn\web\svn\zhiku28\211-zhiku28\dist\express.server.js:1:615
2018-12-18 11:02 +08:00:     at Object.<anonymous> (G:\pn\web\svn\zhiku28\211-zhiku28\dist\express.server.js:1:626)
2018-12-18 11:02 +08:00:     at Module._compile (module.js:652:30)
2018-12-18 11:02 +08:00:     at Object.Module._extensions..js (module.js:663:10)
2018-12-18 11:02 +08:00:     at Module.load (module.js:565:32)
2018-12-18 11:02 +08:00: Error: ENOENT: no such file or directory, open 'G:\pn\web\svn\zhiku28\211-zhiku28\server.ejs'
2018-12-18 11:02 +08:00:     at Object.fs.openSync (fs.js:646:18)
2018-12-18 11:02 +08:00:     at Object.fs.readFileSync (fs.js:551:33)
2018-12-18 11:02 +08:00:     at Object.<anonymous> (G:\pn\web\svn\zhiku28\211-zhiku28\dist\express.server.js:899:15333)
2018-12-18 11:02 +08:00:     at Object.<anonymous> (G:\pn\web\svn\zhiku28\211-zhiku28\dist\express.server.js:899:16489)
2018-12-18 11:02 +08:00:     at n (G:\pn\web\svn\zhiku28\211-zhiku28\dist\express.server.js:1:186)
2018-12-18 11:02 +08:00:     at G:\pn\web\svn\zhiku28\211-zhiku28\dist\express.server.js:1:615
2018-12-18 11:02 +08:00:     at Object.<anonymous> (G:\pn\web\svn\zhiku28\211-zhiku28\dist\express.server.js:1:626)
2018-12-18 11:02 +08:00:     at Module._compile (module.js:652:30)
2018-12-18 11:02 +08:00:     at Object.Module._extensions..js (module.js:663:10)
2018-12-18 11:02 +08:00:     at Module.load (module.js:565:32)
2018-12-18 11:02 +08:00: Error: ENOENT: no such file or directory, open 'G:\pn\web\svn\zhiku28\211-zhiku28\server.ejs'
2018-12-18 11:02 +08:00:     at Object.fs.openSync (fs.js:646:18)
2018-12-18 11:02 +08:00:     at Object.fs.readFileSync (fs.js:551:33)
2018-12-18 11:02 +08:00:     at Object.<anonymous> (G:\pn\web\svn\zhiku28\211-zhiku28\dist\express.server.js:899:15333)
2018-12-18 11:02 +08:00:     at Object.<anonymous> (G:\pn\web\svn\zhiku28\211-zhiku28\dist\express.server.js:899:16489)
2018-12-18 11:02 +08:00:     at n (G:\pn\web\svn\zhiku28\211-zhiku28\dist\express.server.js:1:186)
2018-12-18 11:02 +08:00:     at G:\pn\web\svn\zhiku28\211-zhiku28\dist\express.server.js:1:615
2018-12-18 11:02 +08:00:     at Object.<anonymous> (G:\pn\web\svn\zhiku28\211-zhiku28\dist\express.server.js:1:626)
2018-12-18 11:02 +08:00:     at Module._compile (module.js:652:30)
2018-12-18 11:02 +08:00:     at Object.Module._extensions..js (module.js:663:10)
2018-12-18 11:02 +08:00:     at Module.load (module.js:565:32)
2018-12-18 11:12 +08:00: Error: ENOENT: no such file or directory, open 'G:\pn\web\svn\zhiku28\211-zhiku28\server.ejs'
2018-12-18 11:12 +08:00:     at Object.fs.openSync (fs.js:646:18)
2018-12-18 11:12 +08:00:     at Object.fs.readFileSync (fs.js:551:33)
2018-12-18 11:12 +08:00:     at Object.<anonymous> (G:\pn\web\svn\zhiku28\211-zhiku28\dist\express.server.js:899:15333)
2018-12-18 11:12 +08:00:     at Object.<anonymous> (G:\pn\web\svn\zhiku28\211-zhiku28\dist\express.server.js:899:16489)
2018-12-18 11:12 +08:00:     at n (G:\pn\web\svn\zhiku28\211-zhiku28\dist\express.server.js:1:186)
2018-12-18 11:12 +08:00:     at G:\pn\web\svn\zhiku28\211-zhiku28\dist\express.server.js:1:615
2018-12-18 11:12 +08:00:     at Object.<anonymous> (G:\pn\web\svn\zhiku28\211-zhiku28\dist\express.server.js:1:626)
2018-12-18 11:12 +08:00:     at Module._compile (module.js:652:30)
2018-12-18 11:12 +08:00:     at Object.Module._extensions..js (module.js:663:10)
2018-12-18 11:12 +08:00:     at Module.load (module.js:565:32)
2018-12-18 11:12 +08:00: Error: ENOENT: no such file or directory, open 'G:\pn\web\svn\zhiku28\211-zhiku28\server.ejs'
2018-12-18 11:12 +08:00:     at Object.fs.openSync (fs.js:646:18)
2018-12-18 11:12 +08:00:     at Object.fs.readFileSync (fs.js:551:33)
2018-12-18 11:12 +08:00:     at Object.<anonymous> (G:\pn\web\svn\zhiku28\211-zhiku28\dist\express.server.js:899:15333)
2018-12-18 11:12 +08:00:     at Object.<anonymous> (G:\pn\web\svn\zhiku28\211-zhiku28\dist\express.server.js:899:16489)
2018-12-18 11:12 +08:00:     at n (G:\pn\web\svn\zhiku28\211-zhiku28\dist\express.server.js:1:186)
2018-12-18 11:12 +08:00:     at G:\pn\web\svn\zhiku28\211-zhiku28\dist\express.server.js:1:615
2018-12-18 11:12 +08:00:     at Object.<anonymous> (G:\pn\web\svn\zhiku28\211-zhiku28\dist\express.server.js:1:626)
2018-12-18 11:12 +08:00:     at Module._compile (module.js:652:30)
2018-12-18 11:12 +08:00:     at Object.Module._extensions..js (module.js:663:10)
2018-12-18 11:12 +08:00:     at Module.load (module.js:565:32)
2018-12-18 11:12 +08:00: Error: ENOENT: no such file or directory, open 'G:\pn\web\svn\zhiku28\211-zhiku28\server.ejs'
2018-12-18 11:12 +08:00:     at Object.fs.openSync (fs.js:646:18)
2018-12-18 11:12 +08:00:     at Object.fs.readFileSync (fs.js:551:33)
2018-12-18 11:12 +08:00:     at Object.<anonymous> (G:\pn\web\svn\zhiku28\211-zhiku28\dist\express.server.js:899:15333)
2018-12-18 11:12 +08:00:     at Object.<anonymous> (G:\pn\web\svn\zhiku28\211-zhiku28\dist\express.server.js:899:16489)
2018-12-18 11:12 +08:00:     at n (G:\pn\web\svn\zhiku28\211-zhiku28\dist\express.server.js:1:186)
2018-12-18 11:12 +08:00:     at G:\pn\web\svn\zhiku28\211-zhiku28\dist\express.server.js:1:615
2018-12-18 11:12 +08:00:     at Object.<anonymous> (G:\pn\web\svn\zhiku28\211-zhiku28\dist\express.server.js:1:626)
2018-12-18 11:12 +08:00:     at Module._compile (module.js:652:30)
2018-12-18 11:12 +08:00:     at Object.Module._extensions..js (module.js:663:10)
2018-12-18 11:12 +08:00:     at Module.load (module.js:565:32)
2018-12-18 11:12 +08:00: Error: ENOENT: no such file or directory, open 'G:\pn\web\svn\zhiku28\211-zhiku28\server.ejs'
2018-12-18 11:12 +08:00:     at Object.fs.openSync (fs.js:646:18)
2018-12-18 11:12 +08:00:     at Object.fs.readFileSync (fs.js:551:33)
2018-12-18 11:12 +08:00:     at Object.<anonymous> (G:\pn\web\svn\zhiku28\211-zhiku28\dist\express.server.js:899:15333)
2018-12-18 11:12 +08:00:     at Object.<anonymous> (G:\pn\web\svn\zhiku28\211-zhiku28\dist\express.server.js:899:16489)
2018-12-18 11:12 +08:00:     at n (G:\pn\web\svn\zhiku28\211-zhiku28\dist\express.server.js:1:186)
2018-12-18 11:12 +08:00:     at G:\pn\web\svn\zhiku28\211-zhiku28\dist\express.server.js:1:615
2018-12-18 11:12 +08:00:     at Object.<anonymous> (G:\pn\web\svn\zhiku28\211-zhiku28\dist\express.server.js:1:626)
2018-12-18 11:12 +08:00:     at Module._compile (module.js:652:30)
2018-12-18 11:12 +08:00:     at Object.Module._extensions..js (module.js:663:10)
2018-12-18 11:12 +08:00:     at Module.load (module.js:565:32)
2018-12-18 11:12 +08:00: Error: ENOENT: no such file or directory, open 'G:\pn\web\svn\zhiku28\211-zhiku28\server.ejs'
2018-12-18 11:12 +08:00:     at Object.fs.openSync (fs.js:646:18)
2018-12-18 11:12 +08:00:     at Object.fs.readFileSync (fs.js:551:33)
2018-12-18 11:12 +08:00:     at Object.<anonymous> (G:\pn\web\svn\zhiku28\211-zhiku28\dist\express.server.js:899:15333)
2018-12-18 11:12 +08:00:     at Object.<anonymous> (G:\pn\web\svn\zhiku28\211-zhiku28\dist\express.server.js:899:16489)
2018-12-18 11:12 +08:00:     at n (G:\pn\web\svn\zhiku28\211-zhiku28\dist\express.server.js:1:186)
2018-12-18 11:12 +08:00:     at G:\pn\web\svn\zhiku28\211-zhiku28\dist\express.server.js:1:615
2018-12-18 11:12 +08:00:     at Object.<anonymous> (G:\pn\web\svn\zhiku28\211-zhiku28\dist\express.server.js:1:626)
2018-12-18 11:12 +08:00:     at Module._compile (module.js:652:30)
2018-12-18 11:12 +08:00:     at Object.Module._extensions..js (module.js:663:10)
2018-12-18 11:12 +08:00:     at Module.load (module.js:565:32)
2018-12-18 11:12 +08:00: Error: ENOENT: no such file or directory, open 'G:\pn\web\svn\zhiku28\211-zhiku28\server.ejs'
2018-12-18 11:12 +08:00:     at Object.fs.openSync (fs.js:646:18)
2018-12-18 11:12 +08:00:     at Object.fs.readFileSync (fs.js:551:33)
2018-12-18 11:12 +08:00:     at Object.<anonymous> (G:\pn\web\svn\zhiku28\211-zhiku28\dist\express.server.js:899:15333)
2018-12-18 11:12 +08:00:     at Object.<anonymous> (G:\pn\web\svn\zhiku28\211-zhiku28\dist\express.server.js:899:16489)
2018-12-18 11:12 +08:00:     at n (G:\pn\web\svn\zhiku28\211-zhiku28\dist\express.server.js:1:186)
2018-12-18 11:12 +08:00:     at G:\pn\web\svn\zhiku28\211-zhiku28\dist\express.server.js:1:615
2018-12-18 11:12 +08:00:     at Object.<anonymous> (G:\pn\web\svn\zhiku28\211-zhiku28\dist\express.server.js:1:626)
2018-12-18 11:12 +08:00:     at Module._compile (module.js:652:30)
2018-12-18 11:12 +08:00:     at Object.Module._extensions..js (module.js:663:10)
2018-12-18 11:12 +08:00:     at Module.load (module.js:565:32)
